Flow report for DICH_LCD_PST
Mon Dec 02 20:18:42 2019
Quartus II 32-bit Version 12.1 Build 177 11/07/2012 SJ Web Edition


---------------------
; Table of Contents ;
---------------------
  1. Legal Notice
  2. Flow Summary
  3. Flow Settings
  4. Flow Non-Default Global Settings
  5. Flow Elapsed Time
  6. Flow OS Summary
  7. Flow Log



----------------
; Legal Notice ;
----------------
Copyright (C) 1991-2012 Altera Corporation
Your use of Altera Corporation's design tools, logic functions 
and other software and tools, and its AMPP partner logic 
functions, and any output files from any of the foregoing 
(including device programming or simulation files), and any 
associated documentation or information are expressly subject 
to the terms and conditions of the Altera Program License 
Subscription Agreement, Altera MegaCore Function License 
Agreement, or other applicable license agreement, including, 
without limitation, that your use is for the sole purpose of 
programming logic devices manufactured by Altera and sold by 
Altera or its authorized distributors.  Please refer to the 
applicable agreement for further details.



+-------------------------------------------------------------------------------+
; Flow Summary                                                                  ;
+------------------------------------+------------------------------------------+
; Flow Status                        ; Successful - Mon Dec 02 20:18:33 2019    ;
; Quartus II 32-bit Version          ; 12.1 Build 177 11/07/2012 SJ Web Edition ;
; Revision Name                      ; DICH_LCD_PST                             ;
; Top-level Entity Name              ; DICH_LCD_PST                             ;
; Family                             ; Cyclone IV GX                            ;
; Device                             ; EP4CGX150DF31I7                          ;
; Timing Models                      ; Final                                    ;
; Total logic elements               ; 559 / 149,760 ( < 1 % )                  ;
;     Total combinational functions  ; 559 / 149,760 ( < 1 % )                  ;
;     Dedicated logic registers      ; 278 / 149,760 ( < 1 % )                  ;
; Total registers                    ; 278                                      ;
; Total pins                         ; 16 / 508 ( 3 % )                         ;
; Total virtual pins                 ; 0                                        ;
; Total memory bits                  ; 0 / 6,635,520 ( 0 % )                    ;
; Embedded Multiplier 9-bit elements ; 0 / 720 ( 0 % )                          ;
; Total GXB Receiver Channel PCS     ; 0 / 8 ( 0 % )                            ;
; Total GXB Receiver Channel PMA     ; 0 / 8 ( 0 % )                            ;
; Total GXB Transmitter Channel PCS  ; 0 / 8 ( 0 % )                            ;
; Total GXB Transmitter Channel PMA  ; 0 / 8 ( 0 % )                            ;
; Total PLLs                         ; 0 / 8 ( 0 % )                            ;
+------------------------------------+------------------------------------------+


+-----------------------------------------+
; Flow Settings                           ;
+-------------------+---------------------+
; Option            ; Setting             ;
+-------------------+---------------------+
; Start date & time ; 12/02/2019 20:17:37 ;
; Main task         ; Compilation         ;
; Revision Name     ; DICH_LCD_PST        ;
+-------------------+---------------------+


+------------------------------------------------------------------------------------------------------------------+
; Flow Non-Default Global Settings                                                                                 ;
+-------------------------------------+---------------------------------+---------------+-------------+------------+
; Assignment Name                     ; Value                           ; Default Value ; Entity Name ; Section Id ;
+-------------------------------------+---------------------------------+---------------+-------------+------------+
; COMPILER_SIGNATURE_ID               ; 101318453323211.157529265701592 ; --            ; --          ; --         ;
; MAX_CORE_JUNCTION_TEMP              ; 100                             ; --            ; --          ; --         ;
; MIN_CORE_JUNCTION_TEMP              ; -40                             ; --            ; --          ; --         ;
; OUTPUT_IO_TIMING_FAR_END_VMEAS      ; Half Signal Swing               ; --            ; --          ; --         ;
; OUTPUT_IO_TIMING_FAR_END_VMEAS      ; Half Signal Swing               ; --            ; --          ; --         ;
; OUTPUT_IO_TIMING_NEAR_END_VMEAS     ; Half Vccio                      ; --            ; --          ; --         ;
; OUTPUT_IO_TIMING_NEAR_END_VMEAS     ; Half Vccio                      ; --            ; --          ; --         ;
; PARTITION_COLOR                     ; 16764057                        ; --            ; --          ; Top        ;
; PARTITION_FITTER_PRESERVATION_LEVEL ; PLACEMENT_AND_ROUTING           ; --            ; --          ; Top        ;
; PARTITION_NETLIST_TYPE              ; SOURCE                          ; --            ; --          ; Top        ;
; PROJECT_OUTPUT_DIRECTORY            ; output_files                    ; --            ; --          ; --         ;
+-------------------------------------+---------------------------------+---------------+-------------+------------+


+-------------------------------------------------------------------------------------------------------------------------------+
; Flow Elapsed Time                                                                                                             ;
+---------------------------+--------------+-------------------------+---------------------+------------------------------------+
; Module Name               ; Elapsed Time ; Average Processors Used ; Peak Virtual Memory ; Total CPU Time (on all processors) ;
+---------------------------+--------------+-------------------------+---------------------+------------------------------------+
; Analysis & Synthesis      ; 00:00:06     ; 1.0                     ; 427 MB              ; 00:00:05                           ;
; Fitter                    ; 00:00:37     ; 1.0                     ; 695 MB              ; 00:00:37                           ;
; Assembler                 ; 00:00:11     ; 1.0                     ; 416 MB              ; 00:00:10                           ;
; TimeQuest Timing Analyzer ; 00:00:07     ; 1.0                     ; 435 MB              ; 00:00:04                           ;
; Total                     ; 00:01:01     ; --                      ; --                  ; 00:00:56                           ;
+---------------------------+--------------+-------------------------+---------------------+------------------------------------+


+----------------------------------------------------------------------------------------+
; Flow OS Summary                                                                        ;
+---------------------------+------------------+-----------+------------+----------------+
; Module Name               ; Machine Hostname ; OS Name   ; OS Version ; Processor type ;
+---------------------------+------------------+-----------+------------+----------------+
; Analysis & Synthesis      ; DESKTOP-13FF51N  ; Windows 7 ; 6.2        ; x86_64         ;
; Fitter                    ; DESKTOP-13FF51N  ; Windows 7 ; 6.2        ; x86_64         ;
; Assembler                 ; DESKTOP-13FF51N  ; Windows 7 ; 6.2        ; x86_64         ;
; TimeQuest Timing Analyzer ; DESKTOP-13FF51N  ; Windows 7 ; 6.2        ; x86_64         ;
+---------------------------+------------------+-----------+------------+----------------+


------------
; Flow Log ;
------------
quartus_map --read_settings_files=on --write_settings_files=off DICH_LCD_PST -c DICH_LCD_PST
quartus_fit --read_settings_files=off --write_settings_files=off DICH_LCD_PST -c DICH_LCD_PST
quartus_asm --read_settings_files=off --write_settings_files=off DICH_LCD_PST -c DICH_LCD_PST
quartus_sta DICH_LCD_PST -c DICH_LCD_PST



